Determining if the pthread_create exist failed with the following output:
Change Dir: /nfs-home/zrrm74/catkin_ws/build/CMakeFiles/CMakeTmp

Run Build Command:"/usr/bin/make" "cmTC_29a0b/fast"
/usr/bin/make -f CMakeFiles/cmTC_29a0b.dir/build.make CMakeFiles/cmTC_29a0b.dir/build
make[1]: Entering directory '/nfs-home/zrrm74/catkin_ws/build/CMakeFiles/CMakeTmp'
Building C object CMakeFiles/cmTC_29a0b.dir/CheckSymbolExists.c.o
/usr/bin/cc     -o CMakeFiles/cmTC_29a0b.dir/CheckSymbolExists.c.o   -c /nfs-home/zrrm74/catkin_ws/build/CMakeFiles/CMakeTmp/CheckSymbolExists.c
Linking C executable cmTC_29a0b
/usr/bin/cmake -E cmake_link_script CMakeFiles/cmTC_29a0b.dir/link.txt --verbose=1
/usr/bin/cc       CMakeFiles/cmTC_29a0b.dir/CheckSymbolExists.c.o  -o cmTC_29a0b -rdynamic 
CMakeFiles/cmTC_29a0b.dir/CheckSymbolExists.c.o: In function `main':
CheckSymbolExists.c:(.text+0x16): undefined reference to `pthread_create'
collect2: error: ld returned 1 exit status
CMakeFiles/cmTC_29a0b.dir/build.make:97: recipe for target 'cmTC_29a0b' failed
make[1]: *** [cmTC_29a0b] Error 1
make[1]: Leaving directory '/nfs-home/zrrm74/catkin_ws/build/CMakeFiles/CMakeTmp'
Makefile:126: recipe for target 'cmTC_29a0b/fast' failed
make: *** [cmTC_29a0b/fast] Error 2

File /nfs-home/zrrm74/catkin_ws/build/CMakeFiles/CMakeTmp/CheckSymbolExists.c:
/* */
#include <pthread.h>

int main(int argc, char** argv)
{
  (void)argv;
#ifndef pthread_create
  return ((int*)(&pthread_create))[argc];
#else
  (void)argc;
  return 0;
#endif
}

Determining if the function pthread_create exists in the pthreads failed with the following output:
Change Dir: /nfs-home/zrrm74/catkin_ws/build/CMakeFiles/CMakeTmp

Run Build Command:"/usr/bin/make" "cmTC_c8259/fast"
/usr/bin/make -f CMakeFiles/cmTC_c8259.dir/build.make CMakeFiles/cmTC_c8259.dir/build
make[1]: Entering directory '/nfs-home/zrrm74/catkin_ws/build/CMakeFiles/CMakeTmp'
Building C object CMakeFiles/cmTC_c8259.dir/CheckFunctionExists.c.o
/usr/bin/cc    -DCHECK_FUNCTION_EXISTS=pthread_create   -o CMakeFiles/cmTC_c8259.dir/CheckFunctionExists.c.o   -c /usr/share/cmake-3.5/Modules/CheckFunctionExists.c
Linking C executable cmTC_c8259
/usr/bin/cmake -E cmake_link_script CMakeFiles/cmTC_c8259.dir/link.txt --verbose=1
/usr/bin/cc   -DCHECK_FUNCTION_EXISTS=pthread_create    CMakeFiles/cmTC_c8259.dir/CheckFunctionExists.c.o  -o cmTC_c8259 -rdynamic -lpthreads 
/usr/bin/ld: cannot find -lpthreads
collect2: error: ld returned 1 exit status
CMakeFiles/cmTC_c8259.dir/build.make:97: recipe for target 'cmTC_c8259' failed
make[1]: *** [cmTC_c8259] Error 1
make[1]: Leaving directory '/nfs-home/zrrm74/catkin_ws/build/CMakeFiles/CMakeTmp'
Makefile:126: recipe for target 'cmTC_c8259/fast' failed
make: *** [cmTC_c8259/fast] Error 2


